<?xml version="1.0" encoding="UTF-8"?>
<!-- Generated by org.testng.reporters.JUnitXMLReporter -->
<testsuite ignored="0" hostname="ASUS-Laptop" failures="1" tests="1" name="BankingApp Test" time="7.72" errors="0" timestamp="2023-08-28T16:50:46 CEST">
  <testcase classname="com.inetbanking.testCases.TC_LoginDDT_002" name="loginDDT" time="0.0">
    <failure type="java.lang.RuntimeException" message="java.lang.NoSuchMethodError: &amp;apos;byte[] org.apache.poi.util.IOUtils.toByteArray(java.io.InputStream, int, int)&amp;apos;">
      <![CDATA[java.lang.RuntimeException: java.lang.NoSuchMethodError: 'byte[] org.apache.poi.util.IOUtils.toByteArray(java.io.InputStream, int, int)'
at java.base/java.util.ArrayList.forEach(ArrayList.java:1511)
Caused by: java.lang.NoSuchMethodError: 'byte[] org.apache.poi.util.IOUtils.toByteArray(java.io.InputStream, int, int)'
at org.apache.poi.openxml4j.util.ZipArchiveFakeEntry.<init>(ZipArchiveFakeEntry.java:82)
at org.apache.poi.openxml4j.util.ZipInputStreamZipEntrySource.<init>(ZipInputStreamZipEntrySource.java:98)
at org.apache.poi.openxml4j.opc.ZipPackage.<init>(ZipPackage.java:132)
at org.apache.poi.openxml4j.opc.OPCPackage.open(OPCPackage.java:319)
at org.apache.poi.ooxml.util.PackageHelper.open(PackageHelper.java:59)
at org.apache.poi.xssf.usermodel.XSSFWorkbook.<init>(XSSFWorkbook.java:290)
at org.apache.poi.xssf.usermodel.XSSFWorkbook.<init>(XSSFWorkbook.java:286)
at com.inetbanking.utilities.XLUtils.getRowCount(XLUtils.java:32)
at com.inetbanking.testCases.TC_LoginDDT_002.getData(TC_LoginDDT_002.java:66)
... 25 more
... Removed 32 stack frames]]>
    </failure>
  </testcase> <!-- loginDDT -->
</testsuite> <!-- BankingApp Test -->
